
[0;36m                                      _..._      [0m
[0;36m                      .-''-.       .-'_..._''.   [0m
[0;36m   __  __   ___     .' .-.  )    .' .'      '.\  [0m
[0;36m  |  |/  `.'   `.  / .'  / /    / .'             [0m
[0;36m  |   .-.  .-.   '(_/   / /    . '               [0m
[0;36m  |  |  |  |  |  |     / /     | |               [0m
[0;36m  |  |  |  |  |  |    / /      | |               [0m
[0;36m  |  |  |  |  |  |   . '       . '               [0m
[0;36m  |  |  |  |  |  |  / /    _.-')\ '.          .  [0m
[0;36m  |__|  |__|  |__|.' '  _.'.-''  '. `._____.-'/  [0m
[0;36m                 /  /.-'_.'        `-.______ /   [0m
[0;36m                /    _.'                    `    [0m
[0;36m               ( _.-'                            [0m

Revision: 625d876 | Branch: main | Tag: 
Computation started at: 2025-08-18.14:50:37 EDT
Using 2 processor cores (including concurrent programs).
Command: /home/kevinw3/zoey7/m2c input.st

[0;32m==========================================[0m
[0;32m                 START                    [0m
[0;32m==========================================[0m


- Mesh Statistics:
  X-Direction: [-1.000000e+00, 2.000000e+00], 400 nodes/cells, dx_min = 7.500000e-03, dx_max = 7.500000e-03.
  Y-Direction: [-5.000000e-02, 5.000000e-02], 1 nodes/cells, dy_min = 1.000000e-01, dy_max = 1.000000e-01.
  Z-Direction: [-5.000000e-02, 5.000000e-02], 1 nodes/cells, dz_min = 1.000000e-01, dz_max = 1.000000e-01.
  Total number of nodes/cells: 400.
  o Number of ghost nodes inside computational domain (overlapping between subdomains): 2
  o Number of ghost nodes outside computational domain: 3234

- Loaded user-defined solution calculator from UDSL/UserDefinedSolution.so.
- Loaded user-defined initial state calculator from IC/libUserDefinedState.so.

- Initializing the state variables (V) and material id. (ID).

- Initializing Phi[0] for tracking the boundary of material 1.

- [Line Plot] (2.500000e-03, 0.000000e+00, 0.000000e+00) --> (9.975000e-01, 0.000000e+00, 0.000000e+00), 200 points.

----------------------------
--       Main Loop        --
----------------------------
- Wrote solution at 0.000000e+00 to solution_0000.vtr.
Step 1: t = 0.000000e+00, dt = 2.720934e-03, cfl = 8.0000e-01. Computation time: 1.6271e-01 s.
Step 2: t = 2.720934e-03, dt = 2.721055e-03, cfl = 8.0000e-01. Computation time: 1.6630e-01 s.
Step 3: t = 5.441989e-03, dt = 2.721393e-03, cfl = 8.0000e-01. Computation time: 1.6952e-01 s.
Step 4: t = 8.163382e-03, dt = 2.721759e-03, cfl = 8.0000e-01. Computation time: 1.7297e-01 s.
- Wrote solution at 1.088514e-02 to solution_0001.vtr.
Step 5: t = 1.088514e-02, dt = 2.722058e-03, cfl = 8.0000e-01. Computation time: 1.7746e-01 s.
Step 6: t = 1.360720e-02, dt = 2.722564e-03, cfl = 8.0000e-01. Computation time: 1.8111e-01 s.
Step 7: t = 1.632976e-02, dt = 2.722862e-03, cfl = 8.0000e-01. Computation time: 1.8429e-01 s.
Step 8: t = 1.905263e-02, dt = 2.723397e-03, cfl = 8.0000e-01. Computation time: 1.8747e-01 s.
- Wrote solution at 2.177602e-02 to solution_0002.vtr.
Step 9: t = 2.177602e-02, dt = 2.723624e-03, cfl = 8.0000e-01. Computation time: 1.9156e-01 s.
Step 10: t = 2.449965e-02, dt = 2.723938e-03, cfl = 8.0000e-01. Computation time: 1.9487e-01 s.
Step 11: t = 2.722358e-02, dt = 2.724300e-03, cfl = 8.0000e-01. Computation time: 1.9814e-01 s.
Step 12: t = 2.994788e-02, dt = 2.724611e-03, cfl = 8.0000e-01. Computation time: 2.0104e-01 s.
- Wrote solution at 3.267249e-02 to solution_0003.vtr.
Step 13: t = 3.267249e-02, dt = 2.724796e-03, cfl = 8.0000e-01. Computation time: 2.0472e-01 s.
Step 14: t = 3.539729e-02, dt = 2.724999e-03, cfl = 8.0000e-01. Computation time: 2.0811e-01 s.
Step 15: t = 3.812229e-02, dt = 2.725078e-03, cfl = 8.0000e-01. Computation time: 2.1140e-01 s.
- Wrote solution at 4.084737e-02 to solution_0004.vtr.
Step 16: t = 4.084737e-02, dt = 2.725128e-03, cfl = 8.0000e-01. Computation time: 2.1513e-01 s.
Step 17: t = 4.357249e-02, dt = 2.725226e-03, cfl = 8.0000e-01. Computation time: 2.1805e-01 s.
Step 18: t = 4.629772e-02, dt = 2.725397e-03, cfl = 8.0000e-01. Computation time: 2.2114e-01 s.
Step 19: t = 4.902312e-02, dt = 2.725441e-03, cfl = 8.0000e-01. Computation time: 2.2450e-01 s.
- Wrote solution at 5.174856e-02 to solution_0005.vtr.
Step 20: t = 5.174856e-02, dt = 2.725565e-03, cfl = 8.0000e-01. Computation time: 2.2797e-01 s.
Step 21: t = 5.447412e-02, dt = 2.725818e-03, cfl = 8.0000e-01. Computation time: 2.3143e-01 s.
Step 22: t = 5.719994e-02, dt = 2.726154e-03, cfl = 8.0000e-01. Computation time: 2.3437e-01 s.
Step 23: t = 5.992610e-02, dt = 2.726239e-03, cfl = 8.0000e-01. Computation time: 2.3736e-01 s.
- Wrote solution at 6.265233e-02 to solution_0006.vtr.
Step 24: t = 6.265233e-02, dt = 2.726290e-03, cfl = 8.0000e-01. Computation time: 2.4102e-01 s.
Step 25: t = 6.537862e-02, dt = 2.726278e-03, cfl = 8.0000e-01. Computation time: 2.4454e-01 s.
Step 26: t = 6.810490e-02, dt = 2.726137e-03, cfl = 8.0000e-01. Computation time: 2.4760e-01 s.
- Wrote solution at 7.083104e-02 to solution_0007.vtr.
Step 27: t = 7.083104e-02, dt = 2.726080e-03, cfl = 8.0000e-01. Computation time: 2.5101e-01 s.
Step 28: t = 7.355712e-02, dt = 2.726113e-03, cfl = 8.0000e-01. Computation time: 2.5409e-01 s.
Step 29: t = 7.628323e-02, dt = 2.726245e-03, cfl = 8.0000e-01. Computation time: 2.5749e-01 s.
Step 30: t = 7.900948e-02, dt = 2.726245e-03, cfl = 8.0000e-01. Computation time: 2.6107e-01 s.
- Wrote solution at 8.173572e-02 to solution_0008.vtr.
Step 31: t = 8.173572e-02, dt = 2.726313e-03, cfl = 8.0000e-01. Computation time: 2.6456e-01 s.
Step 32: t = 8.446204e-02, dt = 2.726454e-03, cfl = 8.0000e-01. Computation time: 2.6778e-01 s.
Step 33: t = 8.718849e-02, dt = 2.726482e-03, cfl = 8.0000e-01. Computation time: 2.7078e-01 s.
Step 34: t = 8.991497e-02, dt = 2.726555e-03, cfl = 8.0000e-01. Computation time: 2.7370e-01 s.
- Wrote solution at 9.264153e-02 to solution_0009.vtr.
Step 35: t = 9.264153e-02, dt = 2.726680e-03, cfl = 8.0000e-01. Computation time: 2.7729e-01 s.
Step 36: t = 9.536821e-02, dt = 2.726713e-03, cfl = 8.0000e-01. Computation time: 2.8048e-01 s.
Step 37: t = 9.809492e-02, dt = 1.905080e-03, cfl = 5.5893e-01. Computation time: 2.8338e-01 s.
- Wrote solution at 1.000000e-01 to solution_0010.vtr.

[0;32m==========================================[0m
[0;32m   NORMAL TERMINATION (t = 1.000000e-01)  [0m
[0;32m==========================================[0m
Total Computation Time: 0.286708 sec.

